<?xml version="1.0" encoding="UTF-8"?>
<!-- Generated by org.testng.reporters.JUnitXMLReporter -->
<testsuite ignored="14" hostname="LAPTOP-FKS8PH8H" failures="3" tests="3" name="Test" time="52.585" errors="0" timestamp="2022-08-05T10:47:25 IST">
  <testcase classname="com.NhanceNow.LoginTestCases.LoginPageTest" name="logintest" time="7.626">
    <failure type="java.lang.AssertionError" message="expected [https://dev.nhancenow.com/nhance-web-admin/dashboard] but found [https://dev.nhancenow.com/nhance-web-admin/auth/login]">
      <![CDATA[java.lang.AssertionError: expected [https://dev.nhancenow.com/nhance-web-admin/dashboard] but found [https://dev.nhancenow.com/nhance-web-admin/auth/login]
at com.NhanceNow.LoginTestCases.LoginPageTest.logintest(LoginPageTest.java:66)
at java.base/java.util.ArrayList.forEach(ArrayList.java:1511)
... Removed 33 stack frames]]>
    </failure>
  </testcase> <!-- logintest -->
  <testcase classname="com.NhanceNow.LoginTestCases.LoginPageTest" name="logintest" time="4.954">
    <failure type="java.lang.AssertionError" message="expected [https://dev.nhancenow.com/nhance-web-admin/dashboard] but found [https://dev.nhancenow.com/nhance-web-admin/auth/login]">
      <![CDATA[java.lang.AssertionError: expected [https://dev.nhancenow.com/nhance-web-admin/dashboard] but found [https://dev.nhancenow.com/nhance-web-admin/auth/login]
at com.NhanceNow.LoginTestCases.LoginPageTest.logintest(LoginPageTest.java:66)
at java.base/java.util.ArrayList.forEach(ArrayList.java:1511)
... Removed 33 stack frames]]>
    </failure>
  </testcase> <!-- logintest -->
  <testcase classname="com.NhanceNow.LoginTestCases.LoginPageTest" name="logintest" time="10.288">
    <failure type="org.openqa.selenium.NoSuchElementException" message="no such element: Unable to locate element: {&amp;quot;method&amp;quot;:&amp;quot;css selector&amp;quot;,&amp;quot;selector&amp;quot;:&amp;quot;*[name=&amp;apos;otp&amp;apos;]&amp;quot;}
  (Session info: chrome=103.0.5060.134)
For documentation on this error, please visit: https://selenium.dev/exceptions/#no_such_element
Build info: version: &amp;apos;4.1.2&amp;apos;, revision: &amp;apos;9a5a329c5a&amp;apos;
System info: host: &amp;apos;LAPTOP-FKS8PH8H&amp;apos;, ip: &amp;apos;192.168.165.47&amp;apos;, os.name: &amp;apos;Windows 10&amp;apos;, os.arch: &amp;apos;amd64&amp;apos;, os.version: &amp;apos;10.0&amp;apos;, java.version: &amp;apos;17.0.2&amp;apos;
Driver info: org.openqa.selenium.chrome.ChromeDriver
Command: [bc5dc47d75b5db168370a60cc5b69889, findElement {using=name, value=otp}]
Capabilities {acceptInsecureCerts: false, browserName: chrome, browserVersion: 103.0.5060.134, chrome: {chromedriverVersion: 103.0.5060.134 (8ec6fce403b..., userDataDir: C:\Users\IDS078\AppData\Loc...}, goog:chromeOptions: {debuggerAddress: localhost:49874}, javascriptEnabled: true, networkConnectionEnabled: false, pageLoadStrategy: normal, platform: WINDOWS, platformName: WINDOWS, proxy: Proxy(), se:cdp: ws://localhost:49874/devtoo..., se:cdpVersion: 103.0.5060.134, setWindowRect: true, strictFileInteractability: false, timeouts: {implicit: 0, pageLoad: 300000, script: 30000}, unhandledPromptBehavior: dismiss and notify, webauthn:extension:credBlob: true, webauthn:extension:largeBlob: true, webauthn:virtualAuthenticators: true}
Session ID: bc5dc47d75b5db168370a60cc5b69889">
      <![CDATA[org.openqa.selenium.NoSuchElementException: no such element: Unable to locate element: {"method":"css selector","selector":"*[name='otp']"}
  (Session info: chrome=103.0.5060.134)
For documentation on this error, please visit: https://selenium.dev/exceptions/#no_such_element
Build info: version: '4.1.2', revision: '9a5a329c5a'
System info: host: 'LAPTOP-FKS8PH8H', ip: '192.168.165.47', os.name: 'Windows 10', os.arch: 'amd64', os.version: '10.0', java.version: '17.0.2'
Driver info: org.openqa.selenium.chrome.ChromeDriver
Command: [bc5dc47d75b5db168370a60cc5b69889, findElement {using=name, value=otp}]
Capabilities {acceptInsecureCerts: false, browserName: chrome, browserVersion: 103.0.5060.134, chrome: {chromedriverVersion: 103.0.5060.134 (8ec6fce403b..., userDataDir: C:\Users\IDS078\AppData\Loc...}, goog:chromeOptions: {debuggerAddress: localhost:49874}, javascriptEnabled: true, networkConnectionEnabled: false, pageLoadStrategy: normal, platform: WINDOWS, platformName: WINDOWS, proxy: Proxy(), se:cdp: ws://localhost:49874/devtoo..., se:cdpVersion: 103.0.5060.134, setWindowRect: true, strictFileInteractability: false, timeouts: {implicit: 0, pageLoad: 300000, script: 30000}, unhandledPromptBehavior: dismiss and notify, webauthn:extension:credBlob: true, webauthn:extension:largeBlob: true, webauthn:virtualAuthenticators: true}
Session ID: bc5dc47d75b5db168370a60cc5b69889
at org.openqa.selenium.remote.codec.w3c.W3CHttpResponseCodec.createException(W3CHttpResponseCodec.java:200)
at org.openqa.selenium.remote.codec.w3c.W3CHttpResponseCodec.decode(W3CHttpResponseCodec.java:133)
at org.openqa.selenium.remote.codec.w3c.W3CHttpResponseCodec.decode(W3CHttpResponseCodec.java:53)
at org.openqa.selenium.remote.HttpCommandExecutor.execute(HttpCommandExecutor.java:184)
at org.openqa.selenium.remote.service.DriverCommandExecutor.invokeExecute(DriverCommandExecutor.java:167)
at org.openqa.selenium.remote.service.DriverCommandExecutor.execute(DriverCommandExecutor.java:142)
at org.openqa.selenium.remote.RemoteWebDriver.execute(RemoteWebDriver.java:558)
at org.openqa.selenium.remote.ElementLocation$ElementFinder$2.findElement(ElementLocation.java:162)
at org.openqa.selenium.remote.ElementLocation.findElement(ElementLocation.java:60)
at org.openqa.selenium.remote.RemoteWebDriver.findElement(RemoteWebDriver.java:382)
at org.openqa.selenium.remote.RemoteWebDriver.findElement(RemoteWebDriver.java:374)
at org.openqa.selenium.support.pagefactory.DefaultElementLocator.findElement(DefaultElementLocator.java:70)
at org.openqa.selenium.support.pagefactory.internal.LocatingElementHandler.invoke(LocatingElementHandler.java:39)
at jdk.proxy2/jdk.proxy2.$Proxy19.sendKeys(Unknown Source)
at com.NhanceNow.Pageobjects.LoginPage.twostepverification(LoginPage.java:74)
at com.NhanceNow.LoginTestCases.LoginPageTest.logintest(LoginPageTest.java:56)
at java.base/java.util.ArrayList.forEach(ArrayList.java:1511)
... Removed 32 stack frames]]>
    </failure>
  </testcase> <!-- logintest -->
  <testcase classname="com.NhanceNow.LoginTestCases.LoginPageTest" name="ErrorMsgForBlankPswd" time="0.0">
    <ignored/>
  </testcase> <!-- ErrorMsgForBlankPswd -->
  <testcase classname="com.NhanceNow.LoginTestCases.LoginPageTest" name="forgotpassword" time="0.0">
    <ignored/>
  </testcase> <!-- forgotpassword -->
  <testcase classname="com.NhanceNow.LoginTestCases.LoginPageTest" name="logoisdisplayed" time="0.0">
    <ignored/>
  </testcase> <!-- logoisdisplayed -->
  <testcase classname="com.NhanceNow.LoginTestCases.LoginPageTest" name="verifySigninBtnWithBlankUN" time="0.0">
    <ignored/>
  </testcase> <!-- verifySigninBtnWithBlankUN -->
  <testcase classname="com.NhanceNow.LoginTestCases.LoginPageTest" name="loginTestWithInvalidPswd" time="0.0">
    <ignored/>
  </testcase> <!-- loginTestWithInvalidPswd -->
  <testcase classname="com.NhanceNow.LoginTestCases.LoginPageTest" name="usernametxtbxiseditable" time="0.0">
    <ignored/>
  </testcase> <!-- usernametxtbxiseditable -->
  <testcase classname="com.NhanceNow.LoginTestCases.LoginPageTest" name="verifyPageTitle" time="0.0">
    <ignored/>
  </testcase> <!-- verifyPageTitle -->
  <testcase classname="com.NhanceNow.LoginTestCases.LoginPageTest" name="VerifyResendOtpButtonOnTwoStepVerification" time="0.0">
    <ignored/>
  </testcase> <!-- VerifyResendOtpButtonOnTwoStepVerification -->
  <testcase classname="com.NhanceNow.LoginTestCases.LoginPageTest" name="pswdtxtbxiseditable" time="0.0">
    <ignored/>
  </testcase> <!-- pswdtxtbxiseditable -->
  <testcase classname="com.NhanceNow.LoginTestCases.LoginPageTest" name="LoginTestWithInvalidUN" time="0.0">
    <ignored/>
  </testcase> <!-- LoginTestWithInvalidUN -->
  <testcase classname="com.NhanceNow.LoginTestCases.LoginPageTest" name="ErrorMsgForBlankUN" time="0.0">
    <ignored/>
  </testcase> <!-- ErrorMsgForBlankUN -->
  <testcase classname="com.NhanceNow.LoginTestCases.LoginPageTest" name="logintestWithoutDataprovider" time="0.0">
    <ignored/>
  </testcase> <!-- logintestWithoutDataprovider -->
  <testcase classname="com.NhanceNow.LoginTestCases.LoginPageTest" name="verifySigninBtnWithBlankPswd" time="0.0">
    <ignored/>
  </testcase> <!-- verifySigninBtnWithBlankPswd -->
  <testcase classname="com.NhanceNow.LoginTestCases.LoginPageTest" name="VerifyErrorMsgForInvalidLoginDetails" time="0.0">
    <ignored/>
  </testcase> <!-- VerifyErrorMsgForInvalidLoginDetails -->
</testsuite> <!-- Test -->
