<?xml version="1.0" encoding="UTF-8"?>
<!-- Generated by org.testng.reporters.JUnitXMLReporter -->
<testsuite ignored="0" hostname="LAPTOP-FKS8PH8H" failures="1" tests="26" name="Test" time="388.286" errors="0" timestamp="2022-07-29T13:50:11 IST">
  <testcase classname="com.NhanceNow.testcases.EditProfilePageTest" name="ValidateEnterOtpTextboxForChangeEmail" time="6.91"/>
  <testcase classname="com.NhanceNow.testcases.EditProfilePageTest" name="ValidateErrorMsgForAlreadyExistedUser" time="7.276"/>
  <testcase classname="com.NhanceNow.testcases.EditProfilePageTest" name="ValidateErrorMsgForBlankEmailTextbox" time="5.41"/>
  <testcase classname="com.NhanceNow.testcases.EditProfilePageTest" name="ValidateErrorMsgForBlankEnterOtpTxtbxForChangeEmail" time="5.199"/>
  <testcase classname="com.NhanceNow.testcases.EditProfilePageTest" name="ValidateErrorMsgForInvalidOtpForChangeEmail" time="5.766"/>
  <testcase classname="com.NhanceNow.testcases.EditProfilePageTest" name="ValidateProfileUpdatedMsgForChangeMobile" time="10.106"/>
  <testcase classname="com.NhanceNow.testcases.EditProfilePageTest" name="ValidateSendOtpButtonForChangeEmail" time="5.037"/>
  <testcase classname="com.NhanceNow.testcases.EditProfilePageTest" name="VerifyBackButtonOnEditProfile" time="3.074"/>
  <testcase classname="com.NhanceNow.testcases.EditProfilePageTest" name="VerifyBrowseButton" time="17.206"/>
  <testcase classname="com.NhanceNow.testcases.EditProfilePageTest" name="VerifyChangeEmailTextBox" time="4.557"/>
  <testcase classname="com.NhanceNow.testcases.EditProfilePageTest" name="VerifyCountryDropdownForMobileNumber" time="6.304"/>
  <testcase classname="com.NhanceNow.testcases.EditProfilePageTest" name="VerifyEditBtnForChangeEmail" time="4.614"/>
  <testcase classname="com.NhanceNow.testcases.EditProfilePageTest" name="VerifyEditBtnForChangeMobileNumber" time="4.529"/>
  <testcase classname="com.NhanceNow.testcases.EditProfilePageTest" name="VerifyEnterOtpTextboxisEnable" time="4.793"/>
  <testcase classname="com.NhanceNow.testcases.EditProfilePageTest" name="VerifyErrorMsgForBlankEnterOtpTextbox" time="5.798"/>
  <testcase classname="com.NhanceNow.testcases.EditProfilePageTest" name="VerifyErrorMsgForBlankMobileNumTextbox" time="5.258"/>
  <testcase classname="com.NhanceNow.testcases.EditProfilePageTest" name="VerifyErrorMsgForBlankNameTextbox" time="18.777">
    <skipped/>
  </testcase> <!-- VerifyErrorMsgForBlankNameTextbox -->
  <testcase classname="com.NhanceNow.testcases.EditProfilePageTest" name="VerifyErrorMsgForBlankNameTextbox" time="18.671">
    <skipped/>
  </testcase> <!-- VerifyErrorMsgForBlankNameTextbox -->
  <testcase classname="com.NhanceNow.testcases.EditProfilePageTest" name="VerifyErrorMsgForBlankNameTextbox" time="19.528">
    <failure type="org.openqa.selenium.NoSuchElementException" message="no such element: Unable to locate element: {&amp;quot;method&amp;quot;:&amp;quot;xpath&amp;quot;,&amp;quot;selector&amp;quot;:&amp;quot;//*[text()=&amp;apos;This field is required&amp;apos;]&amp;quot;}
  (Session info: chrome=103.0.5060.134)
For documentation on this error, please visit: https://selenium.dev/exceptions/#no_such_element
Build info: version: &amp;apos;4.1.2&amp;apos;, revision: &amp;apos;9a5a329c5a&amp;apos;
System info: host: &amp;apos;LAPTOP-FKS8PH8H&amp;apos;, ip: &amp;apos;192.168.1.13&amp;apos;, os.name: &amp;apos;Windows 10&amp;apos;, os.arch: &amp;apos;amd64&amp;apos;, os.version: &amp;apos;10.0&amp;apos;, java.version: &amp;apos;17.0.2&amp;apos;
Driver info: org.openqa.selenium.chrome.ChromeDriver
Command: [5c3feb7b2d75a4d1526964fcc1b59c90, findElement {using=xpath, value=//*[text()=&amp;apos;This field is required&amp;apos;]}]
Capabilities {acceptInsecureCerts: false, browserName: chrome, browserVersion: 103.0.5060.134, chrome: {chromedriverVersion: 103.0.5060.134 (8ec6fce403b..., userDataDir: C:\Users\IDS078\AppData\Loc...}, goog:chromeOptions: {debuggerAddress: localhost:62029}, javascriptEnabled: true, networkConnectionEnabled: false, pageLoadStrategy: normal, platform: WINDOWS, platformName: WINDOWS, proxy: Proxy(), se:cdp: ws://localhost:62029/devtoo..., se:cdpVersion: 103.0.5060.134, setWindowRect: true, strictFileInteractability: false, timeouts: {implicit: 0, pageLoad: 300000, script: 30000}, unhandledPromptBehavior: dismiss and notify, webauthn:extension:credBlob: true, webauthn:extension:largeBlob: true, webauthn:virtualAuthenticators: true}
Session ID: 5c3feb7b2d75a4d1526964fcc1b59c90">
      <![CDATA[org.openqa.selenium.NoSuchElementException: no such element: Unable to locate element: {"method":"xpath","selector":"//*[text()='This field is required']"}
  (Session info: chrome=103.0.5060.134)
For documentation on this error, please visit: https://selenium.dev/exceptions/#no_such_element
Build info: version: '4.1.2', revision: '9a5a329c5a'
System info: host: 'LAPTOP-FKS8PH8H', ip: '192.168.1.13', os.name: 'Windows 10', os.arch: 'amd64', os.version: '10.0', java.version: '17.0.2'
Driver info: org.openqa.selenium.chrome.ChromeDriver
Command: [5c3feb7b2d75a4d1526964fcc1b59c90, findElement {using=xpath, value=//*[text()='This field is required']}]
Capabilities {acceptInsecureCerts: false, browserName: chrome, browserVersion: 103.0.5060.134, chrome: {chromedriverVersion: 103.0.5060.134 (8ec6fce403b..., userDataDir: C:\Users\IDS078\AppData\Loc...}, goog:chromeOptions: {debuggerAddress: localhost:62029}, javascriptEnabled: true, networkConnectionEnabled: false, pageLoadStrategy: normal, platform: WINDOWS, platformName: WINDOWS, proxy: Proxy(), se:cdp: ws://localhost:62029/devtoo..., se:cdpVersion: 103.0.5060.134, setWindowRect: true, strictFileInteractability: false, timeouts: {implicit: 0, pageLoad: 300000, script: 30000}, unhandledPromptBehavior: dismiss and notify, webauthn:extension:credBlob: true, webauthn:extension:largeBlob: true, webauthn:virtualAuthenticators: true}
Session ID: 5c3feb7b2d75a4d1526964fcc1b59c90
at org.openqa.selenium.remote.codec.w3c.W3CHttpResponseCodec.createException(W3CHttpResponseCodec.java:200)
at org.openqa.selenium.remote.codec.w3c.W3CHttpResponseCodec.decode(W3CHttpResponseCodec.java:133)
at org.openqa.selenium.remote.codec.w3c.W3CHttpResponseCodec.decode(W3CHttpResponseCodec.java:53)
at org.openqa.selenium.remote.HttpCommandExecutor.execute(HttpCommandExecutor.java:184)
at org.openqa.selenium.remote.service.DriverCommandExecutor.invokeExecute(DriverCommandExecutor.java:167)
at org.openqa.selenium.remote.service.DriverCommandExecutor.execute(DriverCommandExecutor.java:142)
at org.openqa.selenium.remote.RemoteWebDriver.execute(RemoteWebDriver.java:558)
at org.openqa.selenium.remote.ElementLocation$ElementFinder$2.findElement(ElementLocation.java:162)
at org.openqa.selenium.remote.ElementLocation.findElement(ElementLocation.java:60)
at org.openqa.selenium.remote.RemoteWebDriver.findElement(RemoteWebDriver.java:382)
at org.openqa.selenium.remote.RemoteWebDriver.findElement(RemoteWebDriver.java:374)
at org.openqa.selenium.support.pagefactory.DefaultElementLocator.findElement(DefaultElementLocator.java:70)
at org.openqa.selenium.support.pagefactory.internal.LocatingElementHandler.invoke(LocatingElementHandler.java:39)
at jdk.proxy2/jdk.proxy2.$Proxy18.getText(Unknown Source)
at com.NhanceNow.Pageobjects.EditProfile.BlankNameTextboxErrorMsg(EditProfile.java:142)
at com.NhanceNow.testcases.EditProfilePageTest.VerifyErrorMsgForBlankNameTextbox(EditProfilePageTest.java:88)
at java.base/java.util.ArrayList.forEach(ArrayList.java:1511)
... Removed 32 stack frames]]>
    </failure>
  </testcase> <!-- VerifyErrorMsgForBlankNameTextbox -->
  <testcase classname="com.NhanceNow.testcases.EditProfilePageTest" name="VerifyErrorMsgForInvalidOtp" time="7.304"/>
  <testcase classname="com.NhanceNow.testcases.EditProfilePageTest" name="VerifyErrorMsgForLargeImageFiles" time="12.651"/>
  <testcase classname="com.NhanceNow.testcases.EditProfilePageTest" name="VerifyMobileNumberTextboxisEnable" time="6.502"/>
  <testcase classname="com.NhanceNow.testcases.EditProfilePageTest" name="VerifyNameTextBoxOnEditProfile" time="3.548"/>
  <testcase classname="com.NhanceNow.testcases.EditProfilePageTest" name="VerifyResendOtpButton" time="6.513"/>
  <testcase classname="com.NhanceNow.testcases.EditProfilePageTest" name="VerifySelectCountryFromDropdown" time="6.069"/>
  <testcase classname="com.NhanceNow.testcases.EditProfilePageTest" name="VerifySendOtpButton" time="4.773"/>
</testsuite> <!-- Test -->
